
N_feat: 10: ['Ligase_LGFE_min', 'Target_LGFE_min', 'Delta_Ligase', 'CrippenClogP', 'LWCOMDist_LGFEmin', 'Restr_RMSD_LGFEmin', 'Linker_LGFE_min', 'TWCOMDist_LGFEmin', 'NumRotatableBonds', 'Delta_Target']
r_weight = -0.10 RMSE = 2.86
Aggregated Model: r = 0.01 RMSE = 1.69

N_feat: 9: ['Ligase_LGFE_min', 'Target_LGFE_min', 'Delta_Ligase', 'CrippenClogP', 'LWCOMDist_LGFEmin', 'Restr_RMSD_LGFEmin', 'Linker_LGFE_min', 'TWCOMDist_LGFEmin', 'NumRotatableBonds']
r_weight = -0.05 RMSE = 2.53
Aggregated Model: r = 0.02 RMSE = 1.68

N_feat: 8: ['Ligase_LGFE_min', 'Target_LGFE_min', 'Delta_Ligase', 'CrippenClogP', 'LWCOMDist_LGFEmin', 'Restr_RMSD_LGFEmin', 'Linker_LGFE_min', 'TWCOMDist_LGFEmin']
r_weight = -0.10 RMSE = 2.29
Aggregated Model: r = 0.03 RMSE = 1.68

N_feat: 7: ['Ligase_LGFE_min', 'Target_LGFE_min', 'Delta_Ligase', 'CrippenClogP', 'LWCOMDist_LGFEmin', 'Restr_RMSD_LGFEmin', 'Linker_LGFE_min']
r_weight = -0.06 RMSE = 2.15
Aggregated Model: r = 0.04 RMSE = 1.69

N_feat: 6: ['Ligase_LGFE_min', 'Target_LGFE_min', 'Delta_Ligase', 'CrippenClogP', 'LWCOMDist_LGFEmin', 'Restr_RMSD_LGFEmin']
r_weight = -0.02 RMSE = 2.13
Aggregated Model: r = 0.04 RMSE = 1.70

N_feat: 5: ['Ligase_LGFE_min', 'Target_LGFE_min', 'Delta_Ligase', 'CrippenClogP', 'LWCOMDist_LGFEmin']
r_weight = 0.07 RMSE = 2.25
Aggregated Model: r = 0.01 RMSE = 1.73

N_feat: 4: ['Ligase_LGFE_min', 'Target_LGFE_min', 'Delta_Ligase', 'CrippenClogP']
r_weight = 0.07 RMSE = 2.09
Aggregated Model: r = -0.01 RMSE = 1.73

N_feat: 3: ['Ligase_LGFE_min', 'Target_LGFE_min', 'Delta_Ligase']
r_weight = -0.04 RMSE = 2.33
Aggregated Model: r = -0.06 RMSE = 1.91

N_feat: 2: ['Ligase_LGFE_min', 'Target_LGFE_min']
r_weight = -0.06 RMSE = 2.39
Aggregated Model: r = -0.05 RMSE = 1.98

N_feat: 1: ['Ligase_LGFE_min']
r_weight = -0.03 RMSE = 2.44
Aggregated Model: r = 0.02 RMSE = 2.26
