
N_feat: 10: ['Target_LGFE_min', 'TWCOMDist_LGFEmin', 'Ligase_LGFE_min', 'Linker_LGFE_min', 'Delta_Ligase', 'Restr_RMSD_LGFEmin', 'CrippenClogP', 'LWCOMDist_LGFEmin', 'Delta_Target', 'NumRotatableBonds']
r_weight = -0.06 RMSE = 2.72
Aggregated Model: r = 0.07 RMSE = 1.85

N_feat: 9: ['Target_LGFE_min', 'TWCOMDist_LGFEmin', 'Ligase_LGFE_min', 'Linker_LGFE_min', 'Delta_Ligase', 'Restr_RMSD_LGFEmin', 'CrippenClogP', 'LWCOMDist_LGFEmin', 'Delta_Target']
r_weight = -0.09 RMSE = 2.49
Aggregated Model: r = 0.05 RMSE = 1.99

N_feat: 8: ['Target_LGFE_min', 'TWCOMDist_LGFEmin', 'Ligase_LGFE_min', 'Linker_LGFE_min', 'Delta_Ligase', 'Restr_RMSD_LGFEmin', 'CrippenClogP', 'LWCOMDist_LGFEmin']
r_weight = -0.14 RMSE = 2.37
Aggregated Model: r = 0.07 RMSE = 2.02

N_feat: 7: ['Target_LGFE_min', 'TWCOMDist_LGFEmin', 'Ligase_LGFE_min', 'Linker_LGFE_min', 'Delta_Ligase', 'Restr_RMSD_LGFEmin', 'CrippenClogP']
r_weight = -0.10 RMSE = 2.23
Aggregated Model: r = 0.09 RMSE = 2.00

N_feat: 6: ['Target_LGFE_min', 'TWCOMDist_LGFEmin', 'Ligase_LGFE_min', 'Linker_LGFE_min', 'Delta_Ligase', 'Restr_RMSD_LGFEmin']
r_weight = 0.05 RMSE = 2.29
Aggregated Model: r = 0.08 RMSE = 2.01

N_feat: 5: ['Target_LGFE_min', 'TWCOMDist_LGFEmin', 'Ligase_LGFE_min', 'Linker_LGFE_min', 'Delta_Ligase']
r_weight = 0.09 RMSE = 2.41
Aggregated Model: r = 0.11 RMSE = 2.03

N_feat: 4: ['Target_LGFE_min', 'TWCOMDist_LGFEmin', 'Ligase_LGFE_min', 'Linker_LGFE_min']
r_weight = 0.09 RMSE = 2.25
Aggregated Model: r = 0.11 RMSE = 2.08

N_feat: 3: ['Target_LGFE_min', 'TWCOMDist_LGFEmin', 'Ligase_LGFE_min']
r_weight = 0.12 RMSE = 2.26
Aggregated Model: r = 0.12 RMSE = 2.13

N_feat: 2: ['Target_LGFE_min', 'TWCOMDist_LGFEmin']
r_weight = 0.21 RMSE = 2.83
Aggregated Model: r = 0.20 RMSE = 2.58

N_feat: 1: ['Target_LGFE_min']
r_weight = 0.01 RMSE = 2.99
Aggregated Model: r = 0.05 RMSE = 2.97
