
N_feat: 10: ['Target_LGFE_min', 'CrippenClogP', 'Ligase_LGFE_min', 'Restr_RMSD_LGFEmin', 'Delta_Target', 'Linker_LGFE_min', 'Delta_Ligase', 'NumRotatableBonds', 'TWCOMDist_LGFEmin', 'LWCOMDist_LGFEmin']
r_weight = 0.18 RMSE = 1.90
Aggregated Model: r = 0.26 RMSE = 1.44

N_feat: 9: ['Target_LGFE_min', 'CrippenClogP', 'Ligase_LGFE_min', 'Restr_RMSD_LGFEmin', 'Delta_Target', 'Linker_LGFE_min', 'Delta_Ligase', 'NumRotatableBonds', 'TWCOMDist_LGFEmin']
r_weight = 0.20 RMSE = 1.82
Aggregated Model: r = 0.27 RMSE = 1.44

N_feat: 8: ['Target_LGFE_min', 'CrippenClogP', 'Ligase_LGFE_min', 'Restr_RMSD_LGFEmin', 'Delta_Target', 'Linker_LGFE_min', 'Delta_Ligase', 'NumRotatableBonds']
r_weight = 0.24 RMSE = 1.76
Aggregated Model: r = 0.28 RMSE = 1.47

N_feat: 7: ['Target_LGFE_min', 'CrippenClogP', 'Ligase_LGFE_min', 'Restr_RMSD_LGFEmin', 'Delta_Target', 'Linker_LGFE_min', 'Delta_Ligase']
r_weight = 0.22 RMSE = 1.91
Aggregated Model: r = 0.26 RMSE = 1.60

N_feat: 6: ['Target_LGFE_min', 'CrippenClogP', 'Ligase_LGFE_min', 'Restr_RMSD_LGFEmin', 'Delta_Target', 'Linker_LGFE_min']
r_weight = 0.22 RMSE = 2.04
Aggregated Model: r = 0.25 RMSE = 1.65

N_feat: 5: ['Target_LGFE_min', 'CrippenClogP', 'Ligase_LGFE_min', 'Restr_RMSD_LGFEmin', 'Delta_Target']
r_weight = 0.19 RMSE = 2.12
Aggregated Model: r = 0.23 RMSE = 1.73

N_feat: 4: ['Target_LGFE_min', 'CrippenClogP', 'Ligase_LGFE_min', 'Restr_RMSD_LGFEmin']
r_weight = 0.12 RMSE = 2.18
Aggregated Model: r = 0.22 RMSE = 1.78

N_feat: 3: ['Target_LGFE_min', 'CrippenClogP', 'Ligase_LGFE_min']
r_weight = 0.12 RMSE = 2.22
Aggregated Model: r = 0.23 RMSE = 1.84

N_feat: 2: ['Target_LGFE_min', 'CrippenClogP']
r_weight = 0.17 RMSE = 2.75
Aggregated Model: r = 0.20 RMSE = 2.46

N_feat: 1: ['Target_LGFE_min']
r_weight = 0.07 RMSE = 2.93
Aggregated Model: r = 0.11 RMSE = 2.84
