
N_feat: 10: ['Ligase_LGFE_min', 'Restr_RMSD_LGFEmin', 'Delta_Target', 'Linker_LGFE_min', 'CrippenClogP', 'Delta_Ligase', 'Target_LGFE_min', 'LWCOMDist_LGFEmin', 'TWCOMDist_LGFEmin', 'NumRotatableBonds']
r_weight = 0.20 RMSE = 2.00
Aggregated Model: r = 0.20 RMSE = 1.62

N_feat: 9: ['Ligase_LGFE_min', 'Restr_RMSD_LGFEmin', 'Delta_Target', 'Linker_LGFE_min', 'CrippenClogP', 'Delta_Ligase', 'Target_LGFE_min', 'LWCOMDist_LGFEmin', 'TWCOMDist_LGFEmin']
r_weight = 0.18 RMSE = 2.12
Aggregated Model: r = 0.20 RMSE = 1.66

N_feat: 8: ['Ligase_LGFE_min', 'Restr_RMSD_LGFEmin', 'Delta_Target', 'Linker_LGFE_min', 'CrippenClogP', 'Delta_Ligase', 'Target_LGFE_min', 'LWCOMDist_LGFEmin']
r_weight = 0.23 RMSE = 1.93
Aggregated Model: r = 0.21 RMSE = 1.67

N_feat: 7: ['Ligase_LGFE_min', 'Restr_RMSD_LGFEmin', 'Delta_Target', 'Linker_LGFE_min', 'CrippenClogP', 'Delta_Ligase', 'Target_LGFE_min']
r_weight = 0.23 RMSE = 1.85
Aggregated Model: r = 0.20 RMSE = 1.69

N_feat: 6: ['Ligase_LGFE_min', 'Restr_RMSD_LGFEmin', 'Delta_Target', 'Linker_LGFE_min', 'CrippenClogP', 'Delta_Ligase']
r_weight = 0.17 RMSE = 2.04
Aggregated Model: r = 0.19 RMSE = 1.95

N_feat: 5: ['Ligase_LGFE_min', 'Restr_RMSD_LGFEmin', 'Delta_Target', 'Linker_LGFE_min', 'CrippenClogP']
r_weight = 0.21 RMSE = 2.25
Aggregated Model: r = 0.17 RMSE = 1.98

N_feat: 4: ['Ligase_LGFE_min', 'Restr_RMSD_LGFEmin', 'Delta_Target', 'Linker_LGFE_min']
r_weight = 0.22 RMSE = 2.14
Aggregated Model: r = 0.18 RMSE = 2.07

N_feat: 3: ['Ligase_LGFE_min', 'Restr_RMSD_LGFEmin', 'Delta_Target']
r_weight = 0.19 RMSE = 2.23
Aggregated Model: r = 0.18 RMSE = 2.08

N_feat: 2: ['Ligase_LGFE_min', 'Restr_RMSD_LGFEmin']
r_weight = 0.20 RMSE = 1.99
Aggregated Model: r = 0.17 RMSE = 2.15

N_feat: 1: ['Ligase_LGFE_min']
r_weight = 0.08 RMSE = 2.20
Aggregated Model: r = 0.14 RMSE = 2.28
