
Dropping (correlation above 0.8 to another): []


Filter by [['DC50']]


N_feat: 10: ['Ligase_LGFE_min', 'Target_LGFE_min', 'Delta_Ligase', 'TWCOMDist_LGFEmin', 'Linker_LGFE_min', 'LWCOMDist_LGFEmin', 'Restr_RMSD_LGFEmin', 'Delta_Target', 'NumRotatableBonds', 'CrippenClogP']
r_weight = -0.18 RMSE = 2.75
Aggregated Model: r = -0.25 RMSE = 1.90

N_feat: 9: ['Ligase_LGFE_min', 'Target_LGFE_min', 'Delta_Ligase', 'TWCOMDist_LGFEmin', 'Linker_LGFE_min', 'LWCOMDist_LGFEmin', 'Restr_RMSD_LGFEmin', 'Delta_Target', 'NumRotatableBonds']
r_weight = -0.18 RMSE = 2.57
Aggregated Model: r = -0.26 RMSE = 1.97

N_feat: 8: ['Ligase_LGFE_min', 'Target_LGFE_min', 'Delta_Ligase', 'TWCOMDist_LGFEmin', 'Linker_LGFE_min', 'LWCOMDist_LGFEmin', 'Restr_RMSD_LGFEmin', 'Delta_Target']
r_weight = -0.19 RMSE = 2.59
Aggregated Model: r = -0.26 RMSE = 1.99

N_feat: 7: ['Ligase_LGFE_min', 'Target_LGFE_min', 'Delta_Ligase', 'TWCOMDist_LGFEmin', 'Linker_LGFE_min', 'LWCOMDist_LGFEmin', 'Restr_RMSD_LGFEmin']
r_weight = -0.11 RMSE = 2.57
Aggregated Model: r = -0.24 RMSE = 2.03

N_feat: 6: ['Ligase_LGFE_min', 'Target_LGFE_min', 'Delta_Ligase', 'TWCOMDist_LGFEmin', 'Linker_LGFE_min', 'LWCOMDist_LGFEmin']
r_weight = -0.12 RMSE = 2.56
Aggregated Model: r = -0.25 RMSE = 2.07

N_feat: 5: ['Ligase_LGFE_min', 'Target_LGFE_min', 'Delta_Ligase', 'TWCOMDist_LGFEmin', 'Linker_LGFE_min']
r_weight = -0.13 RMSE = 2.65
Aggregated Model: r = -0.19 RMSE = 2.01

N_feat: 4: ['Ligase_LGFE_min', 'Target_LGFE_min', 'Delta_Ligase', 'TWCOMDist_LGFEmin']
r_weight = -0.12 RMSE = 2.47
Aggregated Model: r = -0.19 RMSE = 2.03

N_feat: 3: ['Ligase_LGFE_min', 'Target_LGFE_min', 'Delta_Ligase']
r_weight = -0.02 RMSE = 2.24
Aggregated Model: r = -0.18 RMSE = 2.04

N_feat: 2: ['Ligase_LGFE_min', 'Target_LGFE_min']
r_weight = -0.07 RMSE = 2.14
Aggregated Model: r = -0.16 RMSE = 2.02

N_feat: 1: ['Ligase_LGFE_min']
r_weight = -0.09 RMSE = 2.06
Aggregated Model: r = -0.10 RMSE = 2.26
