
N_feat: 10: ['Ligase_LGFE_min', 'TWCOMDist_LGFEmin', 'Restr_RMSD_LGFEmin', 'Delta_Ligase', 'LWCOMDist_LGFEmin', 'Delta_Target', 'Target_LGFE_min', 'NumRotatableBonds', 'CrippenClogP', 'Linker_LGFE_min']
r_weight = -0.07 RMSE = 2.71
Aggregated Model: r = -0.04 RMSE = 1.70

N_feat: 9: ['Ligase_LGFE_min', 'TWCOMDist_LGFEmin', 'Restr_RMSD_LGFEmin', 'Delta_Ligase', 'LWCOMDist_LGFEmin', 'Delta_Target', 'Target_LGFE_min', 'NumRotatableBonds', 'CrippenClogP']
r_weight = -0.07 RMSE = 2.58
Aggregated Model: r = -0.07 RMSE = 1.71

N_feat: 8: ['Ligase_LGFE_min', 'TWCOMDist_LGFEmin', 'Restr_RMSD_LGFEmin', 'Delta_Ligase', 'LWCOMDist_LGFEmin', 'Delta_Target', 'Target_LGFE_min', 'NumRotatableBonds']
r_weight = -0.03 RMSE = 2.50
Aggregated Model: r = -0.04 RMSE = 1.70

N_feat: 7: ['Ligase_LGFE_min', 'TWCOMDist_LGFEmin', 'Restr_RMSD_LGFEmin', 'Delta_Ligase', 'LWCOMDist_LGFEmin', 'Delta_Target', 'Target_LGFE_min']
r_weight = 0.01 RMSE = 2.25
Aggregated Model: r = -0.04 RMSE = 1.82

N_feat: 6: ['Ligase_LGFE_min', 'TWCOMDist_LGFEmin', 'Restr_RMSD_LGFEmin', 'Delta_Ligase', 'LWCOMDist_LGFEmin', 'Delta_Target']
r_weight = 0.06 RMSE = 2.38
Aggregated Model: r = -0.01 RMSE = 1.94

N_feat: 5: ['Ligase_LGFE_min', 'TWCOMDist_LGFEmin', 'Restr_RMSD_LGFEmin', 'Delta_Ligase', 'LWCOMDist_LGFEmin']
r_weight = 0.05 RMSE = 2.38
Aggregated Model: r = -0.01 RMSE = 1.93

N_feat: 4: ['Ligase_LGFE_min', 'TWCOMDist_LGFEmin', 'Restr_RMSD_LGFEmin', 'Delta_Ligase']
r_weight = -0.03 RMSE = 2.55
Aggregated Model: r = -0.03 RMSE = 1.99

N_feat: 3: ['Ligase_LGFE_min', 'TWCOMDist_LGFEmin', 'Restr_RMSD_LGFEmin']
r_weight = -0.01 RMSE = 2.55
Aggregated Model: r = -0.00 RMSE = 2.05

N_feat: 2: ['Ligase_LGFE_min', 'TWCOMDist_LGFEmin']
r_weight = -0.01 RMSE = 2.64
Aggregated Model: r = 0.02 RMSE = 2.20

N_feat: 1: ['Ligase_LGFE_min']
r_weight = -0.01 RMSE = 2.32
Aggregated Model: r = 0.04 RMSE = 2.26
