
Dropping (correlation above 0.8 to another): []


Filter by [['DC50']]


N_feat: 10: ['Linker_LGFE_min', 'TWCOMDist_LGFEmin', 'Ligase_LGFE_min', 'Target_LGFE_min', 'Restr_RMSD_LGFEmin', 'Delta_Ligase', 'NumRotatableBonds', 'LWCOMDist_LGFEmin', 'CrippenClogP', 'Delta_Target']
r_weight = 0.08 RMSE = 2.60
Aggregated Model: r = 0.11 RMSE = 1.63

N_feat: 9: ['Linker_LGFE_min', 'TWCOMDist_LGFEmin', 'Ligase_LGFE_min', 'Target_LGFE_min', 'Restr_RMSD_LGFEmin', 'Delta_Ligase', 'NumRotatableBonds', 'LWCOMDist_LGFEmin', 'CrippenClogP']
r_weight = 0.06 RMSE = 2.46
Aggregated Model: r = 0.14 RMSE = 1.60

N_feat: 8: ['Linker_LGFE_min', 'TWCOMDist_LGFEmin', 'Ligase_LGFE_min', 'Target_LGFE_min', 'Restr_RMSD_LGFEmin', 'Delta_Ligase', 'NumRotatableBonds', 'LWCOMDist_LGFEmin']
r_weight = 0.07 RMSE = 2.67
Aggregated Model: r = 0.06 RMSE = 1.69

N_feat: 7: ['Linker_LGFE_min', 'TWCOMDist_LGFEmin', 'Ligase_LGFE_min', 'Target_LGFE_min', 'Restr_RMSD_LGFEmin', 'Delta_Ligase', 'NumRotatableBonds']
r_weight = 0.06 RMSE = 2.62
Aggregated Model: r = 0.04 RMSE = 1.67

N_feat: 6: ['Linker_LGFE_min', 'TWCOMDist_LGFEmin', 'Ligase_LGFE_min', 'Target_LGFE_min', 'Restr_RMSD_LGFEmin', 'Delta_Ligase']
r_weight = 0.02 RMSE = 2.37
Aggregated Model: r = -0.02 RMSE = 1.74

N_feat: 5: ['Linker_LGFE_min', 'TWCOMDist_LGFEmin', 'Ligase_LGFE_min', 'Target_LGFE_min', 'Restr_RMSD_LGFEmin']
r_weight = -0.00 RMSE = 2.32
Aggregated Model: r = 0.04 RMSE = 1.78

N_feat: 4: ['Linker_LGFE_min', 'TWCOMDist_LGFEmin', 'Ligase_LGFE_min', 'Target_LGFE_min']
r_weight = 0.08 RMSE = 2.30
Aggregated Model: r = 0.05 RMSE = 1.84

N_feat: 3: ['Linker_LGFE_min', 'TWCOMDist_LGFEmin', 'Ligase_LGFE_min']
r_weight = -0.08 RMSE = 2.76
Aggregated Model: r = -0.13 RMSE = 2.26

N_feat: 2: ['Linker_LGFE_min', 'TWCOMDist_LGFEmin']
r_weight = -0.09 RMSE = 5.31
Aggregated Model: r = 0.05 RMSE = 4.43

N_feat: 1: ['Linker_LGFE_min']
r_weight = -0.16 RMSE = 6.78
Aggregated Model: r = -0.04 RMSE = 6.36
